c:\users\user\desktop\lr7\consoleapplication3\consoleapplication1\debug\vc120.pdb
c:\users\user\desktop\lr10\lr7\consoleapplication3\consoleapplication1\debug\vc120.pdb
c:\users\user\desktop\пгту\4 семестр\компьютерная графика\2 семестр\lr10\lr7\consoleapplication3\consoleapplication1\debug\vc140.pdb
c:\users\user\desktop\пгту\4 семестр\компьютерная графика\2 семестр\lr10\lr7\consoleapplication3\consoleapplication1\debug\vc140.idb
c:\users\user\desktop\пгту\4 семестр\компьютерная графика\2 семестр\lr10\lr7\consoleapplication3\consoleapplication1\debug\consoleapplication1.obj
c:\users\user\desktop\пгту\4 семестр\компьютерная графика\2 семестр\lr10\lr7\consoleapplication3\consoleapplication1\debug\stdafx.obj
c:\users\user\desktop\lr7\consoleapplication3\debug\consoleapplication1.ilk
c:\users\user\desktop\lr7\consoleapplication3\debug\consoleapplication1.exe
c:\users\user\desktop\lr7\consoleapplication3\debug\consoleapplication1.pdb
c:\users\user\desktop\lr10\lr7\consoleapplication3\debug\consoleapplication1.ilk
c:\users\user\desktop\lr10\lr7\consoleapplication3\debug\consoleapplication1.exe
c:\users\user\desktop\lr10\lr7\consoleapplication3\debug\consoleapplication1.pdb
c:\users\user\desktop\пгту\4 семестр\компьютерная графика\2 семестр\lr10\lr7\consoleapplication3\debug\consoleapplication1.ilk
c:\users\user\desktop\пгту\4 семестр\компьютерная графика\2 семестр\lr10\lr7\consoleapplication3\debug\consoleapplication1.exe
c:\users\user\desktop\пгту\4 семестр\компьютерная графика\2 семестр\lr10\lr7\consoleapplication3\debug\consoleapplication1.pdb
c:\users\user\desktop\пгту\4 семестр\компьютерная графика\2 семестр\lr10\lr7\consoleapplication3\consoleapplication1\debug\vc120.idb
c:\users\user\desktop\пгту\4 семестр\компьютерная графика\2 семестр\lr10\lr7\consoleapplication3\consoleapplication1\debug\vc120.pdb
c:\users\user\desktop\пгту\4 семестр\компьютерная графика\2 семестр\lr10\lr7\consoleapplication3\consoleapplication1\debug\consolea.eca8bde9.tlog\cl.command.1.tlog
c:\users\user\desktop\пгту\4 семестр\компьютерная графика\2 семестр\lr10\lr7\consoleapplication3\consoleapplication1\debug\consolea.eca8bde9.tlog\cl.read.1.tlog
c:\users\user\desktop\пгту\4 семестр\компьютерная графика\2 семестр\lr10\lr7\consoleapplication3\consoleapplication1\debug\consolea.eca8bde9.tlog\cl.write.1.tlog
c:\users\user\desktop\пгту\4 семестр\компьютерная графика\2 семестр\lr10\lr7\consoleapplication3\consoleapplication1\debug\consolea.eca8bde9.tlog\link.command.1.tlog
c:\users\user\desktop\пгту\4 семестр\компьютерная графика\2 семестр\lr10\lr7\consoleapplication3\consoleapplication1\debug\consolea.eca8bde9.tlog\link.read.1.tlog
c:\users\user\desktop\пгту\4 семестр\компьютерная графика\2 семестр\lr10\lr7\consoleapplication3\consoleapplication1\debug\consolea.eca8bde9.tlog\link.write.1.tlog
